<?xml version="1.0" encoding="UTF-8"?>
<testng-results ignored="0" total="1" passed="1" failed="0" skipped="0">
  <reporter-output>
  </reporter-output>
  <suite started-at="2021-04-09T18:51:22 IST" name="Default suite" finished-at="2021-04-09T18:51:29 IST" duration-ms="6887">
    <groups>
    </groups>
    <test started-at="2021-04-09T18:51:22 IST" name="Default test" finished-at="2021-04-09T18:51:29 IST" duration-ms="6887">
      <class name="ecsdigital.challenge.challenge">
        <test-method signature="test()[pri:0, instance:ecsdigital.challenge.challenge@79da8dc5]" started-at="2021-04-09T18:51:22 IST" name="test" finished-at="2021-04-09T18:51:29 IST" duration-ms="6820" status="PASS">
          <reporter-output>
          </reporter-output>
        </test-method> <!-- test -->
      </class> <!-- ecsdigital.challenge.challenge -->
    </test> <!-- Default test -->
  </suite> <!-- Default suite -->
</testng-results>
